<?xml version="1.0" encoding="UTF-8"?>
<testng-results skipped="0" failed="0" ignored="0" total="1" passed="1">
  <reporter-output>
  </reporter-output>
  <suite name="ExploraBIRegressionSuite" duration-ms="48433" started-at="2019-04-24T12:26:41Z" finished-at="2019-04-24T12:27:30Z">
    <groups>
    </groups>
    <test name="RegressionSuite" duration-ms="48433" started-at="2019-04-24T12:26:41Z" finished-at="2019-04-24T12:27:30Z">
      <class name="com.datasources.DataSourceCreationTestCases">
        <test-method status="PASS" signature="openBrowserAndLogin()[pri:0, instance:com.datasources.DataSourceCreationTestCases@21bcffb5]" name="openBrowserAndLogin" is-config="true" duration-ms="21284" started-at="2019-04-24T12:26:41Z" finished-at="2019-04-24T12:27:03Z">
          <reporter-output>
          </reporter-output>
        </test-method> <!-- openBrowserAndLogin -->
        <test-method status="PASS" signature="createSqlServerDatasource()[pri:0, instance:com.datasources.DataSourceCreationTestCases@21bcffb5]" name="createSqlServerDatasource" duration-ms="20619" started-at="2019-04-24T12:27:03Z" finished-at="2019-04-24T12:27:23Z">
          <reporter-output>
          </reporter-output>
        </test-method> <!-- createSqlServerDatasource -->
        <test-method status="PASS" signature="quitBrowser()[pri:0, instance:com.datasources.DataSourceCreationTestCases@21bcffb5]" name="quitBrowser" is-config="true" duration-ms="6495" started-at="2019-04-24T12:27:23Z" finished-at="2019-04-24T12:27:30Z">
          <reporter-output>
          </reporter-output>
        </test-method> <!-- quitBrowser -->
      </class> <!-- com.datasources.DataSourceCreationTestCases -->
    </test> <!-- RegressionSuite -->
  </suite> <!-- ExploraBIRegressionSuite -->
</testng-results>
