<?xml version="1.0" encoding="UTF-8"?>
<testng-results skipped="0" failed="0" ignored="0" total="1" passed="1">
  <reporter-output>
  </reporter-output>
  <suite name="ExploraBIRegressionSuite" duration-ms="45043" started-at="2019-04-30T10:42:05Z" finished-at="2019-04-30T10:42:50Z">
    <groups>
    </groups>
    <test name="RegressionSuite" duration-ms="45043" started-at="2019-04-30T10:42:05Z" finished-at="2019-04-30T10:42:50Z">
      <class name="com.datasources.DataSourceCreationTestCases">
        <test-method status="PASS" signature="openBrowserAndLogin()[pri:0, instance:com.datasources.DataSourceCreationTestCases@3e6fa38a]" name="openBrowserAndLogin" is-config="true" duration-ms="24233" started-at="2019-04-30T10:42:05Z" finished-at="2019-04-30T10:42:29Z">
          <reporter-output>
          </reporter-output>
        </test-method> <!-- openBrowserAndLogin -->
        <test-method status="PASS" signature="createSqlServerDatasource()[pri:0, instance:com.datasources.DataSourceCreationTestCases@3e6fa38a]" name="createSqlServerDatasource" duration-ms="20785" started-at="2019-04-30T10:42:29Z" finished-at="2019-04-30T10:42:50Z">
          <reporter-output>
          </reporter-output>
        </test-method> <!-- createSqlServerDatasource -->
        <test-method status="PASS" signature="quitBrowser()[pri:0, instance:com.datasources.DataSourceCreationTestCases@3e6fa38a]" name="quitBrowser" is-config="true" duration-ms="18407" started-at="2019-04-30T10:42:50Z" finished-at="2019-04-30T10:43:08Z">
          <reporter-output>
          </reporter-output>
        </test-method> <!-- quitBrowser -->
      </class> <!-- com.datasources.DataSourceCreationTestCases -->
    </test> <!-- RegressionSuite -->
  </suite> <!-- ExploraBIRegressionSuite -->
</testng-results>
