<?xml version="1.0" encoding="UTF-8"?>
<!-- Generated by org.testng.reporters.JUnitXMLReporter -->
<testsuite hostname="GGKU5DELL1111" ignored="0" name="RegressionSuite" tests="1" failures="0" timestamp="24 Apr 2019 09:31:28 GMT" time="37.583" errors="0">
  <testcase name="@AfterTest quitBrowser" time="3.365" classname="com.datasources.DataSourceCreationTestCases">
    <failure type="java.lang.RuntimeException" message="javax.mail.MessagingException: IOException while sending message;
  nested exception is:
	java.io.FileNotFoundException: E:\Raghu\TestNGFrameWorkSample\sample.testng\target\surefire-reports\emailable-report.htmlsss (The system cannot find the file specified)">
      <![CDATA[java.lang.RuntimeException: javax.mail.MessagingException: IOException while sending message;
  nested exception is:
java.io.FileNotFoundException: E:\Raghu\TestNGFrameWorkSample\sample.testng\target\surefire-reports\emailable-report.htmlsss (The system cannot find the file specified)
at sample.testng.SendEmails.sendEmails(SendEmails.java:86)
at com.datasources.DataSourceCreationTestCases.quitBrowser(DataSourceCreationTestCases.java:51)
at java.util.concurrent.FutureTask.run(Unknown Source)
at java.util.concurrent.ThreadPoolExecutor.runWorker(Unknown Source)
at java.util.concurrent.ThreadPoolExecutor$Worker.run(Unknown Source)
at java.lang.Thread.run(Unknown Source)
Caused by: javax.mail.MessagingException: IOException while sending message;
  nested exception is:
java.io.FileNotFoundException: E:\Raghu\TestNGFrameWorkSample\sample.testng\target\surefire-reports\emailable-report.htmlsss (The system cannot find the file specified)
at com.sun.mail.smtp.SMTPTransport.sendMessage(SMTPTransport.java:1290)
at javax.mail.Transport.send0(Transport.java:255)
at javax.mail.Transport.send(Transport.java:124)
at sample.testng.SendEmails.sendEmails(SendEmails.java:82)
... 20 more
Caused by: java.io.FileNotFoundException: E:\Raghu\TestNGFrameWorkSample\sample.testng\target\surefire-reports\emailable-report.htmlsss (The system cannot find the file specified)
at java.io.FileInputStream.open0(Native Method)
at java.io.FileInputStream.open(Unknown Source)
at java.io.FileInputStream.<init>(Unknown Source)
at javax.activation.FileDataSource.getInputStream(Unknown Source)
at javax.activation.DataHandler.writeTo(Unknown Source)
at javax.mail.internet.MimeBodyPart.writeTo(MimeBodyPart.java:1645)
at javax.mail.internet.MimeBodyPart.writeTo(MimeBodyPart.java:961)
at javax.mail.internet.MimeMultipart.writeTo(MimeMultipart.java:553)
at com.sun.mail.handlers.multipart_mixed.writeTo(multipart_mixed.java:81)
at javax.activation.ObjectDataContentHandler.writeTo(Unknown Source)
at javax.activation.DataHandler.writeTo(Unknown Source)
at javax.mail.internet.MimeBodyPart.writeTo(MimeBodyPart.java:1645)
at javax.mail.internet.MimeMessage.writeTo(MimeMessage.java:1850)
at com.sun.mail.smtp.SMTPTransport.sendMessage(SMTPTransport.java:1241)
... 23 more
... Removed 15 stack frames]]>
    </failure>
  </testcase> <!-- @AfterTest quitBrowser -->
  <testcase name="createSqlServerDatasource" time="19.354" classname="com.datasources.DataSourceCreationTestCases"/>
</testsuite> <!-- RegressionSuite -->
